# JRE version: Java(TM) SE Runtime Environment (14.0.1+7) (build 14.0.1+7)
# Java VM: Java HotSpot(TM) 64-Bit Server VM (14.0.1+7, mixed mode, sharing, tiered, compressed oops, g1 gc, windows-amd64)
Heap:
 garbage-first heap   total 423936K, used 252543K [0x00000000a1e00000, 0x0000000100000000)
  region size 1024K, 18 young (18432K), 9 survivors (9216K)
 Metaspace       used 14342K, capacity 14621K, committed 14976K, reserved 1062912K
  class space    used 1410K, capacity 1546K, committed 1664K, reserved 1048576K
GC Heap History (20 events):
Event: 187.024 GC heap before
{Heap before GC invocations=41 (full 0):
 garbage-first heap   total 268288K, used 217166K [0x00000000a1e00000, 0x0000000100000000)
  region size 1024K, 60 young (61440K), 7 survivors (7168K)
 Metaspace       used 14257K, capacity 14557K, committed 14720K, reserved 1062912K
  class space    used 1405K, capacity 1546K, committed 1664K, reserved 1048576K
}
Event: 187.058 GC heap after
{Heap after GC invocations=42 (full 0):
 garbage-first heap   total 268288K, used 170073K [0x00000000a1e00000, 0x0000000100000000)
  region size 1024K, 8 young (8192K), 8 survivors (8192K)
 Metaspace       used 14257K, capacity 14557K, committed 14720K, reserved 1062912K
  class space    used 1405K, capacity 1546K, committed 1664K, reserved 1048576K
}
Event: 195.010 GC heap before
{Heap before GC invocations=43 (full 0):
 garbage-first heap   total 286720K, used 220249K [0x00000000a1e00000, 0x0000000100000000)
  region size 1024K, 57 young (58368K), 8 survivors (8192K)
 Metaspace       used 14257K, capacity 14557K, committed 14720K, reserved 1062912K
  class space    used 1405K, capacity 1546K, committed 1664K, reserved 1048576K
}
Event: 195.034 GC heap after
{Heap after GC invocations=44 (full 0):
 garbage-first heap   total 286720K, used 176645K [0x00000000a1e00000, 0x0000000100000000)
  region size 1024K, 7 young (7168K), 7 survivors (7168K)
 Metaspace       used 14257K, capacity 14557K, committed 14720K, reserved 1062912K
  class space    used 1405K, capacity 1546K, committed 1664K, reserved 1048576K
}
Event: 204.564 GC heap before
{Heap before GC invocations=44 (full 0):
 garbage-first heap   total 286720K, used 235013K [0x00000000a1e00000, 0x0000000100000000)
  region size 1024K, 64 young (65536K), 7 survivors (7168K)
 Metaspace       used 14273K, capacity 14557K, committed 14720K, reserved 1062912K
  class space    used 1405K, capacity 1546K, committed 1664K, reserved 1048576K
}
Event: 204.594 GC heap after
{Heap after GC invocations=45 (full 0):
 garbage-first heap   total 286720K, used 190365K [0x00000000a1e00000, 0x0000000100000000)
  region size 1024K, 8 young (8192K), 8 survivors (8192K)
 Metaspace       used 14273K, capacity 14557K, committed 14720K, reserved 1062912K
  class space    used 1405K, capacity 1546K, committed 1664K, reserved 1048576K
}
Event: 209.139 GC heap before
{Heap before GC invocations=46 (full 0):
 garbage-first heap   total 321536K, used 233373K [0x00000000a1e00000, 0x0000000100000000)
  region size 1024K, 50 young (51200K), 8 survivors (8192K)
 Metaspace       used 14273K, capacity 14557K, committed 14720K, reserved 1062912K
  class space    used 1405K, capacity 1546K, committed 1664K, reserved 1048576K
}
Event: 209.164 GC heap after
{Heap after GC invocations=47 (full 0):
 garbage-first heap   total 321536K, used 199449K [0x00000000a1e00000, 0x0000000100000000)
  region size 1024K, 7 young (7168K), 7 survivors (7168K)
 Metaspace       used 14273K, capacity 14557K, committed 14720K, reserved 1062912K
  class space    used 1405K, capacity 1546K, committed 1664K, reserved 1048576K
}
Event: 218.201 GC heap before
{Heap before GC invocations=47 (full 0):
 garbage-first heap   total 321536K, used 258841K [0x00000000a1e00000, 0x0000000100000000)
  region size 1024K, 65 young (66560K), 7 survivors (7168K)
 Metaspace       used 14273K, capacity 14557K, committed 14720K, reserved 1062912K
  class space    used 1405K, capacity 1546K, committed 1664K, reserved 1048576K
}
Event: 218.223 GC heap after
{Heap after GC invocations=48 (full 0):
 garbage-first heap   total 321536K, used 210944K [0x00000000a1e00000, 0x0000000100000000)
  region size 1024K, 9 young (9216K), 9 survivors (9216K)
 Metaspace       used 14273K, capacity 14557K, committed 14720K, reserved 1062912K
  class space    used 1405K, capacity 1546K, committed 1664K, reserved 1048576K
}
Event: 226.115 GC heap before
{Heap before GC invocations=49 (full 0):
 garbage-first heap   total 355328K, used 262144K [0x00000000a1e00000, 0x0000000100000000)
  region size 1024K, 59 young (60416K), 9 survivors (9216K)
 Metaspace       used 14273K, capacity 14557K, committed 14720K, reserved 1062912K
  class space    used 1405K, capacity 1546K, committed 1664K, reserved 1048576K
}
Event: 226.138 GC heap after
{Heap after GC invocations=50 (full 0):
 garbage-first heap   total 355328K, used 218171K [0x00000000a1e00000, 0x0000000100000000)
  region size 1024K, 8 young (8192K), 8 survivors (8192K)
 Metaspace       used 14273K, capacity 14557K, committed 14720K, reserved 1062912K
  class space    used 1405K, capacity 1546K, committed 1664K, reserved 1048576K
}
Event: 226.481 GC heap before
{Heap before GC invocations=50 (full 0):
 garbage-first heap   total 355328K, used 219195K [0x00000000a1e00000, 0x0000000100000000)
  region size 1024K, 10 young (10240K), 8 survivors (8192K)
 Metaspace       used 14273K, capacity 14557K, committed 14720K, reserved 1062912K
  class space    used 1405K, capacity 1546K, committed 1664K, reserved 1048576K
}
Event: 226.486 GC heap after
{Heap after GC invocations=51 (full 0):
 garbage-first heap   total 355328K, used 218736K [0x00000000a1e00000, 0x0000000100000000)
  region size 1024K, 1 young (1024K), 1 survivors (1024K)
 Metaspace       used 14273K, capacity 14557K, committed 14720K, reserved 1062912K
  class space    used 1405K, capacity 1546K, committed 1664K, reserved 1048576K
}
Event: 227.099 GC heap before
{Heap before GC invocations=52 (full 0):
 garbage-first heap   total 372736K, used 223856K [0x00000000a1e00000, 0x0000000100000000)
  region size 1024K, 5 young (5120K), 1 survivors (1024K)
 Metaspace       used 14291K, capacity 14621K, committed 14976K, reserved 1062912K
  class space    used 1407K, capacity 1546K, committed 1664K, reserved 1048576K
}
Event: 227.107 GC heap after
{Heap after GC invocations=53 (full 0):
 garbage-first heap   total 372736K, used 220285K [0x00000000a1e00000, 0x0000000100000000)
  region size 1024K, 1 young (1024K), 1 survivors (1024K)
 Metaspace       used 14291K, capacity 14621K, committed 14976K, reserved 1062912K
  class space    used 1407K, capacity 1546K, committed 1664K, reserved 1048576K
}
Event: 251.067 GC heap before
{Heap before GC invocations=54 (full 0):
 garbage-first heap   total 375808K, used 305277K [0x00000000a1e00000, 0x0000000100000000)
  region size 1024K, 82 young (83968K), 1 survivors (1024K)
 Metaspace       used 14327K, capacity 14621K, committed 14976K, reserved 1062912K
  class space    used 1410K, capacity 1546K, committed 1664K, reserved 1048576K
}
Event: 251.124 GC heap after
{Heap after GC invocations=55 (full 0):
 garbage-first heap   total 375808K, used 235603K [0x00000000a1e00000, 0x0000000100000000)
  region size 1024K, 11 young (11264K), 11 survivors (11264K)
 Metaspace       used 14327K, capacity 14621K, committed 14976K, reserved 1062912K
  class space    used 1410K, capacity 1546K, committed 1664K, reserved 1048576K
}
Event: 264.248 GC heap before
{Heap before GC invocations=55 (full 0):
 garbage-first heap   total 375808K, used 303187K [0x00000000a1e00000, 0x0000000100000000)
  region size 1024K, 77 young (78848K), 11 survivors (11264K)
 Metaspace       used 14327K, capacity 14621K, committed 14976K, reserved 1062912K
  class space    used 1410K, capacity 1546K, committed 1664K, reserved 1048576K
}
Event: 264.288 GC heap after
{Heap after GC invocations=56 (full 0):
 garbage-first heap   total 375808K, used 242303K [0x00000000a1e00000, 0x0000000100000000)
  region size 1024K, 9 young (9216K), 9 survivors (9216K)
 Metaspace       used 14327K, capacity 14621K, committed 14976K, reserved 1062912K
  class space    used 1410K, capacity 1546K, committed 1664K, reserved 1048576K
}

